autoscan: warning: missing AC_CHECK_FUNCS([memchr]) wanted by: 
	src/apps/music/tag_reader.c:57
autoscan: warning: missing AC_CHECK_FUNCS([memset]) wanted by: 
	src/apps/music/mpg123.c:184
autoscan: warning: missing AC_CHECK_FUNCS([strchr]) wanted by: 
	src/database/db_query_parameters.c:77
	src/database/db_query_parameters.c:83
	src/database/db_query_parameters.c:114
	src/apps/app_config.c:107
autoscan: warning: missing AC_CHECK_FUNCS([strerror]) wanted by: 
	src/apps/music/transcoder.c:139
autoscan: warning: missing AC_CHECK_HEADER_STDBOOL wanted by: 
	src/apps/music/tag_reader.c:86
	src/apps/music/tag_reader.c:86
	src/apps/music/flac.c:174
	src/apps/music/flac.c:178
autoscan: warning: missing AC_C_INLINE wanted by: 
	src/apps/music/dir_sync/musicbrainz.c:26
autoscan: warning: missing AC_FUNC_CHOWN wanted by: 
	src/mod_mediaplayer.c:141
autoscan: warning: missing AC_FUNC_MALLOC wanted by: 
	src/apps/music/flac.c:98
	src/apps/music/flac.c:104
	src/apps/music/mpg123.c:183
autoscan: warning: missing AC_PROG_RANLIB wanted by: 
	config/ltmain.sh:2455
autoscan: warning: missing AC_TYPE_PID_T wanted by: 
	src/mod_mediaplayer.h:61
autoscan: warning: missing AC_TYPE_SIZE_T wanted by: 
	src/apps/music/mpg123.c:176
	src/apps/music/mpg123.c:177
	src/apps/music/mpg123.c:179
	src/apps/music/mpg123.c:182
autoscan: warning: missing AC_TYPE_UINT64_T wanted by: 
	src/database/db_query_parameters.h:73
	src/apps/music/transcoder.c:117
	src/apps/music/decoding_queue.c:113
	src/apps/music/decoding_queue.c:145
	src/apps/music/decoding_queue.c:195
	src/apps/music/decoding_queue.c:205
	src/apps/music/decoding_queue.h:47
	src/apps/music/decoding_queue.h:48
	src/apps/music/decoding_queue.h:49
	src/apps/music/decoding_queue.h:76
