This file contains any messages produced by compilers while
running configure, to aid debugging if configure makes a mistake.

It was created by mod_mediaplayer configure 0.0.1, which was
generated by GNU Autoconf 2.68.  Invocation command line was

  $ ./configure 

## --------- ##
## Platform. ##
## --------- ##

hostname = Thinkpad
uname -m = x86_64
uname -r = 3.7.9-101.fc17.x86_64
uname -s = Linux
uname -v = #1 SMP Mon Feb 18 22:04:06 UTC 2013

/usr/bin/uname -p = x86_64
/bin/uname -X     = unknown

/bin/arch              = x86_64
/usr/bin/arch -k       = unknown
/usr/convex/getsysinfo = unknown
/usr/bin/hostinfo      = unknown
/bin/machine           = unknown
/usr/bin/oslevel       = unknown
/bin/universe          = unknown

PATH: /usr/lib64/qt-3.3/bin
PATH: /usr/lib64/ccache
PATH: /usr/local/bin
PATH: /usr/bin
PATH: /bin
PATH: /usr/local/sbin
PATH: /usr/sbin
PATH: /home/reyad/.local/bin
PATH: /home/reyad/bin


## ----------- ##
## Core tests. ##
## ----------- ##

configure:2315: checking build system type
configure:2329: result: x86_64-unknown-linux-gnu
configure:2349: checking host system type
configure:2362: result: x86_64-unknown-linux-gnu
configure:2403: checking how to print strings
configure:2430: result: printf
configure:2499: checking for gcc
configure:2515: found /usr/lib64/ccache/gcc
configure:2526: result: gcc
configure:2755: checking for C compiler version
configure:2764: gcc --version >&5
gcc (GCC) 4.7.2 20120921 (Red Hat 4.7.2-2)
Copyright (C) 2012 Free Software Foundation, Inc.
This is free software; see the source for copying conditions.  There is NO
warranty; not even for MERCHANTABILITY or FITNESS FOR A PARTICULAR PURPOSE.

configure:2775: $? = 0
configure:2764: gcc -v >&5
Using built-in specs.
COLLECT_GCC=/usr/bin/gcc
COLLECT_LTO_WRAPPER=/usr/libexec/gcc/x86_64-redhat-linux/4.7.2/lto-wrapper
Target: x86_64-redhat-linux
Configured with: ../configure --prefix=/usr --mandir=/usr/share/man --infodir=/usr/share/info --with-bugurl=http://bugzilla.redhat.com/bugzilla --enable-bootstrap --enable-shared --enable-threads=posix --enable-checking=release --disable-build-with-cxx --disable-build-poststage1-with-cxx --with-system-zlib --enable-__cxa_atexit --disable-libunwind-exceptions --enable-gnu-unique-object --enable-linker-build-id --with-linker-hash-style=gnu --enable-languages=c,c++,objc,obj-c++,java,fortran,ada,go,lto --enable-plugin --enable-initfini-array --enable-java-awt=gtk --disable-dssi --with-java-home=/usr/lib/jvm/java-1.5.0-gcj-1.5.0.0/jre --enable-libgcj-multifile --enable-java-maintainer-mode --with-ecj-jar=/usr/share/java/eclipse-ecj.jar --disable-libjava-multilib --with-ppl --with-cloog --with-tune=generic --with-arch_32=i686 --build=x86_64-redhat-linux
Thread model: posix
gcc version 4.7.2 20120921 (Red Hat 4.7.2-2) (GCC) 
configure:2775: $? = 0
configure:2764: gcc -V >&5
gcc: error: unrecognized command line option '-V'
gcc: fatal error: no input files
compilation terminated.
configure:2775: $? = 4
configure:2764: gcc -qversion >&5
gcc: error: unrecognized command line option '-qversion'
gcc: fatal error: no input files
compilation terminated.
configure:2775: $? = 4
configure:2795: checking whether the C compiler works
configure:2817: gcc    conftest.c  >&5
configure:2821: $? = 0
configure:2869: result: yes
configure:2872: checking for C compiler default output file name
configure:2874: result: a.out
configure:2880: checking for suffix of executables
configure:2887: gcc -o conftest    conftest.c  >&5
configure:2891: $? = 0
configure:2913: result: 
configure:2935: checking whether we are cross compiling
configure:2943: gcc -o conftest    conftest.c  >&5
configure:2947: $? = 0
configure:2954: ./conftest
configure:2958: $? = 0
configure:2973: result: no
configure:2978: checking for suffix of object files
configure:3000: gcc -c   conftest.c >&5
configure:3004: $? = 0
configure:3025: result: o
configure:3029: checking whether we are using the GNU C compiler
configure:3048: gcc -c   conftest.c >&5
configure:3048: $? = 0
configure:3057: result: yes
configure:3066: checking whether gcc accepts -g
configure:3086: gcc -c -g  conftest.c >&5
configure:3086: $? = 0
configure:3127: result: yes
configure:3144: checking for gcc option to accept ISO C89
configure:3208: gcc  -c -g -O2  conftest.c >&5
configure:3208: $? = 0
configure:3221: result: none needed
configure:3241: checking for a sed that does not truncate output
configure:3305: result: /usr/bin/sed
configure:3323: checking for grep that handles long lines and -e
configure:3381: result: /usr/bin/grep
configure:3386: checking for egrep
configure:3448: result: /usr/bin/grep -E
configure:3453: checking for fgrep
configure:3515: result: /usr/bin/grep -F
configure:3550: checking for ld used by gcc
configure:3617: result: /usr/bin/ld
configure:3624: checking if the linker (/usr/bin/ld) is GNU ld
configure:3639: result: yes
configure:3651: checking for BSD- or MS-compatible name lister (nm)
configure:3700: result: /usr/bin/nm -B
configure:3830: checking the name lister (/usr/bin/nm -B) interface
configure:3837: gcc -c -g -O2  conftest.c >&5
configure:3840: /usr/bin/nm -B "conftest.o"
configure:3843: output
0000000000000000 B some_variable
configure:3850: result: BSD nm
configure:3853: checking whether ln -s works
configure:3857: result: yes
configure:3865: checking the maximum length of command line arguments
configure:3995: result: 1572864
configure:4012: checking whether the shell understands some XSI constructs
configure:4022: result: yes
configure:4026: checking whether the shell understands "+="
configure:4032: result: yes
configure:4067: checking how to convert x86_64-unknown-linux-gnu file names to x86_64-unknown-linux-gnu format
configure:4107: result: func_convert_file_noop
configure:4114: checking how to convert x86_64-unknown-linux-gnu file names to toolchain format
configure:4134: result: func_convert_file_noop
configure:4141: checking for /usr/bin/ld option to reload object files
configure:4148: result: -r
configure:4222: checking for objdump
configure:4238: found /usr/bin/objdump
configure:4249: result: objdump
configure:4281: checking how to recognize dependent libraries
configure:4483: result: pass_all
configure:4568: checking for dlltool
configure:4598: result: no
configure:4628: checking how to associate runtime and link libraries
configure:4655: result: printf %s\n
configure:4716: checking for ar
configure:4732: found /usr/bin/ar
configure:4743: result: ar
configure:4780: checking for archiver @FILE support
configure:4797: gcc -c -g -O2  conftest.c >&5
configure:4797: $? = 0
configure:4800: ar cru libconftest.a @conftest.lst >&5
configure:4803: $? = 0
configure:4808: ar cru libconftest.a @conftest.lst >&5
ar: conftest.o: No such file or directory
configure:4811: $? = 1
configure:4823: result: @
configure:4881: checking for strip
configure:4897: found /usr/bin/strip
configure:4908: result: strip
configure:4980: checking for ranlib
configure:4996: found /usr/bin/ranlib
configure:5007: result: ranlib
configure:5084: checking for gawk
configure:5100: found /usr/bin/gawk
configure:5111: result: gawk
configure:5151: checking command to parse /usr/bin/nm -B output from gcc object
configure:5271: gcc -c -g -O2  conftest.c >&5
configure:5274: $? = 0
configure:5278: /usr/bin/nm -B conftest.o \| sed -n -e 's/^.*[ ]\([ABCDGIRSTW][ABCDGIRSTW]*\)[ ][ ]*\([_A-Za-z][_A-Za-z0-9]*\)$/\1 \2 \2/p' | sed '/ __gnu_lto/d' \> conftest.nm
configure:5281: $? = 0
configure:5347: gcc -o conftest -g -O2   conftest.c conftstm.o >&5
configure:5350: $? = 0
configure:5388: result: ok
configure:5425: checking for sysroot
configure:5455: result: no
configure:5532: gcc -c -g -O2  conftest.c >&5
configure:5535: $? = 0
configure:5711: checking for mt
configure:5741: result: no
configure:5761: checking if : is a manifest tool
configure:5767: : '-?'
configure:5775: result: no
configure:6417: checking how to run the C preprocessor
configure:6448: gcc -E  conftest.c
configure:6448: $? = 0
configure:6462: gcc -E  conftest.c
conftest.c:9:28: fatal error: ac_nonexistent.h: No such file or directory
compilation terminated.
configure:6462: $? = 1
configure: failed program was:
| /* confdefs.h */
| #define PACKAGE_NAME "mod_mediaplayer"
| #define PACKAGE_TARNAME "mod_mediaplayer"
| #define PACKAGE_VERSION "0.0.1"
| #define PACKAGE_STRING "mod_mediaplayer 0.0.1"
| #define PACKAGE_BUGREPORT ""
| #define PACKAGE_URL ""
| /* end confdefs.h.  */
| #include <ac_nonexistent.h>
configure:6487: result: gcc -E
configure:6507: gcc -E  conftest.c
configure:6507: $? = 0
configure:6521: gcc -E  conftest.c
conftest.c:9:28: fatal error: ac_nonexistent.h: No such file or directory
compilation terminated.
configure:6521: $? = 1
configure: failed program was:
| /* confdefs.h */
| #define PACKAGE_NAME "mod_mediaplayer"
| #define PACKAGE_TARNAME "mod_mediaplayer"
| #define PACKAGE_VERSION "0.0.1"
| #define PACKAGE_STRING "mod_mediaplayer 0.0.1"
| #define PACKAGE_BUGREPORT ""
| #define PACKAGE_URL ""
| /* end confdefs.h.  */
| #include <ac_nonexistent.h>
configure:6550: checking for ANSI C header files
configure:6570: gcc -c -g -O2  conftest.c >&5
configure:6570: $? = 0
configure:6643: gcc -o conftest -g -O2   conftest.c  >&5
configure:6643: $? = 0
configure:6643: ./conftest
configure:6643: $? = 0
configure:6654: result: yes
configure:6667: checking for sys/types.h
configure:6667: gcc -c -g -O2  conftest.c >&5
configure:6667: $? = 0
configure:6667: result: yes
configure:6667: checking for sys/stat.h
configure:6667: gcc -c -g -O2  conftest.c >&5
configure:6667: $? = 0
configure:6667: result: yes
configure:6667: checking for stdlib.h
configure:6667: gcc -c -g -O2  conftest.c >&5
configure:6667: $? = 0
configure:6667: result: yes
configure:6667: checking for string.h
configure:6667: gcc -c -g -O2  conftest.c >&5
configure:6667: $? = 0
configure:6667: result: yes
configure:6667: checking for memory.h
configure:6667: gcc -c -g -O2  conftest.c >&5
configure:6667: $? = 0
configure:6667: result: yes
configure:6667: checking for strings.h
configure:6667: gcc -c -g -O2  conftest.c >&5
configure:6667: $? = 0
configure:6667: result: yes
configure:6667: checking for inttypes.h
configure:6667: gcc -c -g -O2  conftest.c >&5
configure:6667: $? = 0
configure:6667: result: yes
configure:6667: checking for stdint.h
configure:6667: gcc -c -g -O2  conftest.c >&5
configure:6667: $? = 0
configure:6667: result: yes
configure:6667: checking for unistd.h
configure:6667: gcc -c -g -O2  conftest.c >&5
configure:6667: $? = 0
configure:6667: result: yes
configure:6681: checking for dlfcn.h
configure:6681: gcc -c -g -O2  conftest.c >&5
configure:6681: $? = 0
configure:6681: result: yes
configure:6887: checking for objdir
configure:6902: result: .libs
configure:7169: checking if gcc supports -fno-rtti -fno-exceptions
configure:7187: gcc -c -g -O2  -fno-rtti -fno-exceptions conftest.c >&5
cc1: warning: command line option '-fno-rtti' is valid for C++/ObjC++ but not for C [enabled by default]
cc1: warning: command line option '-fno-rtti' is valid for C++/ObjC++ but not for C [enabled by default]
configure:7191: $? = 0
configure:7204: result: no
configure:7531: checking for gcc option to produce PIC
configure:7538: result: -fPIC -DPIC
configure:7546: checking if gcc PIC flag -fPIC -DPIC works
configure:7564: gcc -c -g -O2  -fPIC -DPIC -DPIC conftest.c >&5
configure:7568: $? = 0
configure:7581: result: yes
configure:7610: checking if gcc static flag -static works
configure:7638: result: no
configure:7653: checking if gcc supports -c -o file.o
configure:7674: gcc -c -g -O2  -o out/conftest2.o conftest.c >&5
configure:7678: $? = 0
configure:7700: result: yes
configure:7708: checking if gcc supports -c -o file.o
configure:7755: result: yes
configure:7788: checking whether the gcc linker (/usr/bin/ld -m elf_x86_64) supports shared libraries
configure:8941: result: yes
configure:8978: checking whether -lc should be explicitly linked in
configure:8986: gcc -c -g -O2  conftest.c >&5
configure:8989: $? = 0
configure:9004: gcc -shared  -fPIC -DPIC conftest.o  -v -Wl,-soname -Wl,conftest -o conftest 2\>\&1 \| /usr/bin/grep  -lc  \>/dev/null 2\>\&1
configure:9007: $? = 0
configure:9021: result: no
configure:9181: checking dynamic linker characteristics
configure:9692: gcc -o conftest -g -O2   -Wl,-rpath -Wl,/foo conftest.c  >&5
configure:9692: $? = 0
configure:9918: result: GNU/Linux ld.so
configure:10025: checking how to hardcode library paths into programs
configure:10050: result: immediate
configure:10590: checking whether stripping libraries is possible
configure:10595: result: yes
configure:10630: checking if libtool supports shared libraries
configure:10632: result: yes
configure:10635: checking whether to build shared libraries
configure:10656: result: yes
configure:10659: checking whether to build static libraries
configure:10663: result: yes
configure:10701: checking whether to enable maintainer-specific portions of Makefiles
configure:10710: result: no
configure:10723: checking target system type
configure:10736: result: x86_64-unknown-linux-gnu
configure:10778: checking for a BSD-compatible install
configure:10846: result: /usr/bin/install -c
configure:10857: checking whether build environment is sane
configure:10907: result: yes
configure:11048: checking for a thread-safe mkdir -p
configure:11087: result: /usr/bin/mkdir -p
configure:11096: checking whether make sets $(MAKE)
configure:11118: result: yes
configure:11148: checking for style of include used by make
configure:11176: result: GNU
configure:11262: checking dependency style of gcc
configure:11373: result: gcc3
configure:11440: checking for gcc
configure:11467: result: gcc
configure:11696: checking for C compiler version
configure:11705: gcc --version >&5
gcc (GCC) 4.7.2 20120921 (Red Hat 4.7.2-2)
Copyright (C) 2012 Free Software Foundation, Inc.
This is free software; see the source for copying conditions.  There is NO
warranty; not even for MERCHANTABILITY or FITNESS FOR A PARTICULAR PURPOSE.

configure:11716: $? = 0
configure:11705: gcc -v >&5
Using built-in specs.
COLLECT_GCC=/usr/bin/gcc
COLLECT_LTO_WRAPPER=/usr/libexec/gcc/x86_64-redhat-linux/4.7.2/lto-wrapper
Target: x86_64-redhat-linux
Configured with: ../configure --prefix=/usr --mandir=/usr/share/man --infodir=/usr/share/info --with-bugurl=http://bugzilla.redhat.com/bugzilla --enable-bootstrap --enable-shared --enable-threads=posix --enable-checking=release --disable-build-with-cxx --disable-build-poststage1-with-cxx --with-system-zlib --enable-__cxa_atexit --disable-libunwind-exceptions --enable-gnu-unique-object --enable-linker-build-id --with-linker-hash-style=gnu --enable-languages=c,c++,objc,obj-c++,java,fortran,ada,go,lto --enable-plugin --enable-initfini-array --enable-java-awt=gtk --disable-dssi --with-java-home=/usr/lib/jvm/java-1.5.0-gcj-1.5.0.0/jre --enable-libgcj-multifile --enable-java-maintainer-mode --with-ecj-jar=/usr/share/java/eclipse-ecj.jar --disable-libjava-multilib --with-ppl --with-cloog --with-tune=generic --with-arch_32=i686 --build=x86_64-redhat-linux
Thread model: posix
gcc version 4.7.2 20120921 (Red Hat 4.7.2-2) (GCC) 
configure:11716: $? = 0
configure:11705: gcc -V >&5
gcc: error: unrecognized command line option '-V'
gcc: fatal error: no input files
compilation terminated.
configure:11716: $? = 4
configure:11705: gcc -qversion >&5
gcc: error: unrecognized command line option '-qversion'
gcc: fatal error: no input files
compilation terminated.
configure:11716: $? = 4
configure:11720: checking whether we are using the GNU C compiler
configure:11748: result: yes
configure:11757: checking whether gcc accepts -g
configure:11818: result: yes
configure:11835: checking for gcc option to accept ISO C89
configure:11912: result: none needed
configure:11990: checking for g++
configure:12006: found /usr/lib64/ccache/g++
configure:12017: result: g++
configure:12044: checking for C++ compiler version
configure:12053: g++ --version >&5
g++ (GCC) 4.7.2 20120921 (Red Hat 4.7.2-2)
Copyright (C) 2012 Free Software Foundation, Inc.
This is free software; see the source for copying conditions.  There is NO
warranty; not even for MERCHANTABILITY or FITNESS FOR A PARTICULAR PURPOSE.

configure:12064: $? = 0
configure:12053: g++ -v >&5
Using built-in specs.
COLLECT_GCC=/usr/bin/g++
COLLECT_LTO_WRAPPER=/usr/libexec/gcc/x86_64-redhat-linux/4.7.2/lto-wrapper
Target: x86_64-redhat-linux
Configured with: ../configure --prefix=/usr --mandir=/usr/share/man --infodir=/usr/share/info --with-bugurl=http://bugzilla.redhat.com/bugzilla --enable-bootstrap --enable-shared --enable-threads=posix --enable-checking=release --disable-build-with-cxx --disable-build-poststage1-with-cxx --with-system-zlib --enable-__cxa_atexit --disable-libunwind-exceptions --enable-gnu-unique-object --enable-linker-build-id --with-linker-hash-style=gnu --enable-languages=c,c++,objc,obj-c++,java,fortran,ada,go,lto --enable-plugin --enable-initfini-array --enable-java-awt=gtk --disable-dssi --with-java-home=/usr/lib/jvm/java-1.5.0-gcj-1.5.0.0/jre --enable-libgcj-multifile --enable-java-maintainer-mode --with-ecj-jar=/usr/share/java/eclipse-ecj.jar --disable-libjava-multilib --with-ppl --with-cloog --with-tune=generic --with-arch_32=i686 --build=x86_64-redhat-linux
Thread model: posix
gcc version 4.7.2 20120921 (Red Hat 4.7.2-2) (GCC) 
configure:12064: $? = 0
configure:12053: g++ -V >&5
g++: error: unrecognized command line option '-V'
g++: fatal error: no input files
compilation terminated.
configure:12064: $? = 4
configure:12053: g++ -qversion >&5
g++: error: unrecognized command line option '-qversion'
g++: fatal error: no input files
compilation terminated.
configure:12064: $? = 4
configure:12068: checking whether we are using the GNU C++ compiler
configure:12087: g++ -c   conftest.cpp >&5
configure:12087: $? = 0
configure:12096: result: yes
configure:12105: checking whether g++ accepts -g
configure:12125: g++ -c -g  conftest.cpp >&5
configure:12125: $? = 0
configure:12166: result: yes
configure:12207: checking how to run the C++ preprocessor
configure:12234: g++ -E  conftest.cpp
configure:12234: $? = 0
configure:12248: g++ -E  conftest.cpp
conftest.cpp:23:28: fatal error: ac_nonexistent.h: No such file or directory
compilation terminated.
configure:12248: $? = 1
configure: failed program was:
| /* confdefs.h */
| #define PACKAGE_NAME "mod_mediaplayer"
| #define PACKAGE_TARNAME "mod_mediaplayer"
| #define PACKAGE_VERSION "0.0.1"
| #define PACKAGE_STRING "mod_mediaplayer 0.0.1"
| #define PACKAGE_BUGREPORT ""
| #define PACKAGE_URL ""
| #define STDC_HEADERS 1
| #define HAVE_SYS_TYPES_H 1
| #define HAVE_SYS_STAT_H 1
| #define HAVE_STDLIB_H 1
| #define HAVE_STRING_H 1
| #define HAVE_MEMORY_H 1
| #define HAVE_STRINGS_H 1
| #define HAVE_INTTYPES_H 1
| #define HAVE_STDINT_H 1
| #define HAVE_UNISTD_H 1
| #define HAVE_DLFCN_H 1
| #define LT_OBJDIR ".libs/"
| #define PACKAGE "mod_mediaplayer"
| #define VERSION "0.0.1"
| /* end confdefs.h.  */
| #include <ac_nonexistent.h>
configure:12273: result: g++ -E
configure:12293: g++ -E  conftest.cpp
configure:12293: $? = 0
configure:12307: g++ -E  conftest.cpp
conftest.cpp:23:28: fatal error: ac_nonexistent.h: No such file or directory
compilation terminated.
configure:12307: $? = 1
configure: failed program was:
| /* confdefs.h */
| #define PACKAGE_NAME "mod_mediaplayer"
| #define PACKAGE_TARNAME "mod_mediaplayer"
| #define PACKAGE_VERSION "0.0.1"
| #define PACKAGE_STRING "mod_mediaplayer 0.0.1"
| #define PACKAGE_BUGREPORT ""
| #define PACKAGE_URL ""
| #define STDC_HEADERS 1
| #define HAVE_SYS_TYPES_H 1
| #define HAVE_SYS_STAT_H 1
| #define HAVE_STDLIB_H 1
| #define HAVE_STRING_H 1
| #define HAVE_MEMORY_H 1
| #define HAVE_STRINGS_H 1
| #define HAVE_INTTYPES_H 1
| #define HAVE_STDINT_H 1
| #define HAVE_UNISTD_H 1
| #define HAVE_DLFCN_H 1
| #define LT_OBJDIR ".libs/"
| #define PACKAGE "mod_mediaplayer"
| #define VERSION "0.0.1"
| /* end confdefs.h.  */
| #include <ac_nonexistent.h>
configure:12476: checking for ld used by g++
configure:12543: result: /usr/bin/ld -m elf_x86_64
configure:12550: checking if the linker (/usr/bin/ld -m elf_x86_64) is GNU ld
configure:12565: result: yes
configure:12620: checking whether the g++ linker (/usr/bin/ld -m elf_x86_64) supports shared libraries
configure:13625: result: yes
configure:13661: g++ -c -g -O2  conftest.cpp >&5
configure:13664: $? = 0
configure:14184: checking for g++ option to produce PIC
configure:14191: result: -fPIC -DPIC
configure:14199: checking if g++ PIC flag -fPIC -DPIC works
configure:14217: g++ -c -g -O2  -fPIC -DPIC -DPIC conftest.cpp >&5
configure:14221: $? = 0
configure:14234: result: yes
configure:14257: checking if g++ static flag -static works
configure:14285: result: no
configure:14297: checking if g++ supports -c -o file.o
configure:14318: g++ -c -g -O2  -o out/conftest2.o conftest.cpp >&5
configure:14322: $? = 0
configure:14344: result: yes
configure:14349: checking if g++ supports -c -o file.o
configure:14396: result: yes
configure:14426: checking whether the g++ linker (/usr/bin/ld -m elf_x86_64) supports shared libraries
configure:14462: result: yes
configure:14603: checking dynamic linker characteristics
configure:15274: result: GNU/Linux ld.so
configure:15327: checking how to hardcode library paths into programs
configure:15352: result: immediate
configure:15394: checking dependency style of g++
configure:15505: result: gcc3
configure:15532: checking for ld used by gcc
configure:15599: result: /usr/bin/ld
configure:15606: checking if the linker (/usr/bin/ld) is GNU ld
configure:15621: result: yes
configure:15660: checking for apxs
configure:15678: found /usr/local/apache2/bin/apxs
configure:15691: result: /usr/local/apache2/bin/apxs
configure:15744: checking for Apache 2.0 version >= 2.2.4
configure:15813: gcc -o conftest -g -O2   -g -O2 -Wall -Wmissing-prototypes -Wstrict-prototypes -Wmissing-declarations -pthread -Wpointer-arith -Wdeclaration-after-statement -Werror=declaration-after-statement -Wformat -Wformat-security -Werror=format-security -DLINUX -D_REENTRANT -D_GNU_SOURCE -DAP_DEBUG  -I/usr/local/apache2/include   -I/usr/local/apr/include/apr-2 -I/usr/include -I/usr/include/mysql   conftest.c  >&5
In file included from /usr/local/apache2/include/ap_config.h:138:0,
                 from /usr/local/apache2/include/httpd.h:44,
                 from conftest.c:27:
/usr/local/apache2/include/ap_config_auto.h:207:0: warning: "PACKAGE_NAME" redefined [enabled by default]
conftest.c:2:0: note: this is the location of the previous definition
In file included from /usr/local/apache2/include/ap_config.h:138:0,
                 from /usr/local/apache2/include/httpd.h:44,
                 from conftest.c:27:
/usr/local/apache2/include/ap_config_auto.h:210:0: warning: "PACKAGE_STRING" redefined [enabled by default]
conftest.c:5:0: note: this is the location of the previous definition
In file included from /usr/local/apache2/include/ap_config.h:138:0,
                 from /usr/local/apache2/include/httpd.h:44,
                 from conftest.c:27:
/usr/local/apache2/include/ap_config_auto.h:213:0: warning: "PACKAGE_TARNAME" redefined [enabled by default]
conftest.c:3:0: note: this is the location of the previous definition
In file included from /usr/local/apache2/include/ap_config.h:138:0,
                 from /usr/local/apache2/include/httpd.h:44,
                 from conftest.c:27:
/usr/local/apache2/include/ap_config_auto.h:219:0: warning: "PACKAGE_VERSION" redefined [enabled by default]
conftest.c:4:0: note: this is the location of the previous definition
conftest.c:33:7: warning: no previous prototype for 'my_strdup' [-Wmissing-prototypes]
configure:15813: $? = 0
configure:15813: ./conftest
configure:15813: $? = 0
configure:15825: result: yes
configure:16203: creating ./config.status

## ---------------------- ##
## Running config.status. ##
## ---------------------- ##

This file was extended by mod_mediaplayer config.status 0.0.1, which was
generated by GNU Autoconf 2.68.  Invocation command line was

  CONFIG_FILES    = 
  CONFIG_HEADERS  = 
  CONFIG_LINKS    = 
  CONFIG_COMMANDS = 
  $ ./config.status 

on Thinkpad

config.status:1186: creating Makefile
config.status:1186: creating src/Makefile
config.status:1186: creating tools/Makefile
config.status:1186: creating src/mod_mediaplayer_config.h
config.status:1415: executing libtool commands
config.status:1415: executing depfiles commands

## ---------------- ##
## Cache variables. ##
## ---------------- ##

ac_cv_build=x86_64-unknown-linux-gnu
ac_cv_c_compiler_gnu=yes
ac_cv_cxx_compiler_gnu=yes
ac_cv_env_CCC_set=
ac_cv_env_CCC_value=
ac_cv_env_CC_set=
ac_cv_env_CC_value=
ac_cv_env_CFLAGS_set=
ac_cv_env_CFLAGS_value=
ac_cv_env_CPPFLAGS_set=
ac_cv_env_CPPFLAGS_value=
ac_cv_env_CPP_set=
ac_cv_env_CPP_value=
ac_cv_env_CXXCPP_set=
ac_cv_env_CXXCPP_value=
ac_cv_env_CXXFLAGS_set=
ac_cv_env_CXXFLAGS_value=
ac_cv_env_CXX_set=
ac_cv_env_CXX_value=
ac_cv_env_LDFLAGS_set=
ac_cv_env_LDFLAGS_value=
ac_cv_env_LIBS_set=
ac_cv_env_LIBS_value=
ac_cv_env_build_alias_set=
ac_cv_env_build_alias_value=
ac_cv_env_host_alias_set=
ac_cv_env_host_alias_value=
ac_cv_env_target_alias_set=
ac_cv_env_target_alias_value=
ac_cv_header_dlfcn_h=yes
ac_cv_header_inttypes_h=yes
ac_cv_header_memory_h=yes
ac_cv_header_stdc=yes
ac_cv_header_stdint_h=yes
ac_cv_header_stdlib_h=yes
ac_cv_header_string_h=yes
ac_cv_header_strings_h=yes
ac_cv_header_sys_stat_h=yes
ac_cv_header_sys_types_h=yes
ac_cv_header_unistd_h=yes
ac_cv_host=x86_64-unknown-linux-gnu
ac_cv_objext=o
ac_cv_path_APXS_BIN=/usr/local/apache2/bin/apxs
ac_cv_path_EGREP='/usr/bin/grep -E'
ac_cv_path_FGREP='/usr/bin/grep -F'
ac_cv_path_GREP=/usr/bin/grep
ac_cv_path_SED=/usr/bin/sed
ac_cv_path_install='/usr/bin/install -c'
ac_cv_path_mkdir=/usr/bin/mkdir
ac_cv_prog_AWK=gawk
ac_cv_prog_CPP='gcc -E'
ac_cv_prog_CXXCPP='g++ -E'
ac_cv_prog_ac_ct_AR=ar
ac_cv_prog_ac_ct_CC=gcc
ac_cv_prog_ac_ct_CXX=g++
ac_cv_prog_ac_ct_OBJDUMP=objdump
ac_cv_prog_ac_ct_RANLIB=ranlib
ac_cv_prog_ac_ct_STRIP=strip
ac_cv_prog_cc_c89=
ac_cv_prog_cc_g=yes
ac_cv_prog_cxx_g=yes
ac_cv_prog_make_make_set=yes
ac_cv_target=x86_64-unknown-linux-gnu
am_cv_CC_dependencies_compiler_type=gcc3
am_cv_CXX_dependencies_compiler_type=gcc3
lt_cv_ar_at_file=@
lt_cv_archive_cmds_need_lc=no
lt_cv_deplibs_check_method=pass_all
lt_cv_file_magic_cmd='$MAGIC_CMD'
lt_cv_file_magic_test_file=
lt_cv_ld_reload_flag=-r
lt_cv_nm_interface='BSD nm'
lt_cv_objdir=.libs
lt_cv_path_LD=/usr/bin/ld
lt_cv_path_LDCXX='/usr/bin/ld -m elf_x86_64'
lt_cv_path_NM='/usr/bin/nm -B'
lt_cv_path_mainfest_tool=no
lt_cv_prog_compiler_c_o=yes
lt_cv_prog_compiler_c_o_CXX=yes
lt_cv_prog_compiler_pic='-fPIC -DPIC'
lt_cv_prog_compiler_pic_CXX='-fPIC -DPIC'
lt_cv_prog_compiler_pic_works=yes
lt_cv_prog_compiler_pic_works_CXX=yes
lt_cv_prog_compiler_rtti_exceptions=no
lt_cv_prog_compiler_static_works=no
lt_cv_prog_compiler_static_works_CXX=no
lt_cv_prog_gnu_ld=yes
lt_cv_prog_gnu_ldcxx=yes
lt_cv_sharedlib_from_linklib_cmd='printf %s\n'
lt_cv_shlibpath_overrides_runpath=no
lt_cv_sys_global_symbol_pipe='sed -n -e '\''s/^.*[	 ]\([ABCDGIRSTW][ABCDGIRSTW]*\)[	 ][	 ]*\([_A-Za-z][_A-Za-z0-9]*\)$/\1 \2 \2/p'\'' | sed '\''/ __gnu_lto/d'\'''
lt_cv_sys_global_symbol_to_c_name_address='sed -n -e '\''s/^: \([^ ]*\)[ ]*$/  {\"\1\", (void *) 0},/p'\'' -e '\''s/^[ABCDGIRSTW]* \([^ ]*\) \([^ ]*\)$/  {"\2", (void *) \&\2},/p'\'''
lt_cv_sys_global_symbol_to_c_name_address_lib_prefix='sed -n -e '\''s/^: \([^ ]*\)[ ]*$/  {\"\1\", (void *) 0},/p'\'' -e '\''s/^[ABCDGIRSTW]* \([^ ]*\) \(lib[^ ]*\)$/  {"\2", (void *) \&\2},/p'\'' -e '\''s/^[ABCDGIRSTW]* \([^ ]*\) \([^ ]*\)$/  {"lib\2", (void *) \&\2},/p'\'''
lt_cv_sys_global_symbol_to_cdecl='sed -n -e '\''s/^T .* \(.*\)$/extern int \1();/p'\'' -e '\''s/^[ABCDGIRSTW]* .* \(.*\)$/extern char \1;/p'\'''
lt_cv_sys_max_cmd_len=1572864
lt_cv_to_host_file_cmd=func_convert_file_noop
lt_cv_to_tool_file_cmd=func_convert_file_noop

## ----------------- ##
## Output variables. ##
## ----------------- ##

ACLOCAL='${SHELL} /home/reyad/Workspace/MediaPlayer/config/missing --run aclocal-1.11'
AMDEPBACKSLASH='\'
AMDEP_FALSE='#'
AMDEP_TRUE=''
AMTAR='$${TAR-tar}'
APR_CONFIG='/usr/local/apr/bin/apr-2-config'
APR_INCLUDES=' -I/usr/local/apr/include/apr-2 -I/usr/include -I/usr/include/mysql'
APU_CONFIG='/apu-config'
APU_INCLUDES=''
APXS_BIN='/usr/local/apache2/bin/apxs'
APXS_CFLAGS='  -g -O2 -Wall -Wmissing-prototypes -Wstrict-prototypes -Wmissing-declarations -pthread -Wpointer-arith -Wdeclaration-after-statement -Werror=declaration-after-statement -Wformat -Wformat-security -Werror=format-security -DLINUX -D_REENTRANT -D_GNU_SOURCE -DAP_DEBUG '
APXS_EXTENSION='.la'
AP_BINDIR='/usr/local/apache2/bin'
AP_CFLAGS='  -g -O2 -Wall -Wmissing-prototypes -Wstrict-prototypes -Wmissing-declarations -pthread -Wpointer-arith -Wdeclaration-after-statement -Werror=declaration-after-statement -Wformat -Wformat-security -Werror=format-security -DLINUX -D_REENTRANT -D_GNU_SOURCE -DAP_DEBUG  -I/usr/local/apache2/include   -I/usr/local/apr/include/apr-2 -I/usr/include -I/usr/include/mysql'
AP_CPPFLAGS=' -I/usr/local/apache2/include   -I/usr/local/apr/include/apr-2 -I/usr/include -I/usr/include/mysql'
AP_DEFS='-DWITH_APACHE20'
AP_INCLUDEDIR='/usr/local/apache2/include'
AP_INCLUDES='-I/usr/local/apache2/include'
AP_LIBEXECDIR='/usr/local/apache2/modules'
AP_PREFIX='/usr/local/apache2'
AP_SBINDIR='/usr/local/apache2/bin'
AP_VERSION='2.0'
AR='ar'
AUTOCONF='${SHELL} /home/reyad/Workspace/MediaPlayer/config/missing --run autoconf'
AUTOHEADER='${SHELL} /home/reyad/Workspace/MediaPlayer/config/missing --run autoheader'
AUTOMAKE='${SHELL} /home/reyad/Workspace/MediaPlayer/config/missing --run automake-1.11'
AWK='gawk'
BIN_LDFLAGS='  /usr/local/apr/lib/libapr-2.la     -lcrypt -luuid -lrt -lcrypt  -lpthread -ldl -lexpat'
CC='gcc'
CCDEPMODE='depmode=gcc3'
CFLAGS='-g -O2'
CPP='gcc -E'
CPPFLAGS=''
CXX='g++'
CXXCPP='g++ -E'
CXXDEPMODE='depmode=gcc3'
CXXFLAGS='-g -O2'
CYGPATH_W='echo'
DEFS='-DHAVE_CONFIG_H'
DEPDIR='.deps'
DLLTOOL='false'
DSYMUTIL=''
DUMPBIN=''
ECHO_C=''
ECHO_N='-n'
ECHO_T=''
EGREP='/usr/bin/grep -E'
EXEEXT=''
FGREP='/usr/bin/grep -F'
GREP='/usr/bin/grep'
INSTALL_DATA='${INSTALL} -m 644'
INSTALL_PROGRAM='${INSTALL}'
INSTALL_SCRIPT='${INSTALL}'
INSTALL_STRIP_PROGRAM='$(install_sh) -c -s'
LD='/usr/bin/ld'
LDFLAGS=''
LIBOBJS=''
LIBS=''
LIBTOOL='/usr/local/apr/build-2/libtool'
LIPO=''
LN_S='ln -s'
LTLIBOBJS=''
MAINT='#'
MAINTAINER_MODE_FALSE=''
MAINTAINER_MODE_TRUE='#'
MAKEINFO='${SHELL} /home/reyad/Workspace/MediaPlayer/config/missing --run makeinfo'
MANIFEST_TOOL=':'
MKDIR_P='/usr/bin/mkdir -p'
MODULE_CFLAGS='  -g -O2 -Wall -Wmissing-prototypes -Wstrict-prototypes -Wmissing-declarations -pthread -Wpointer-arith -Wdeclaration-after-statement -Werror=declaration-after-statement -Wformat -Wformat-security -Werror=format-security -DLINUX -D_REENTRANT -D_GNU_SOURCE -DAP_DEBUG  -I/usr/local/apache2/include  -I/usr/local/apr/include/apr-2 -I/usr/include -I/usr/include/mysql '
MODULE_LDFLAGS='  /usr/local/apr/lib/libapr-2.la '
NM='/usr/bin/nm -B'
NMEDIT=''
OBJDUMP='objdump'
OBJEXT='o'
OTOOL64=''
OTOOL=''
PACKAGE='mod_mediaplayer'
PACKAGE_BUGREPORT=''
PACKAGE_NAME='mod_mediaplayer'
PACKAGE_STRING='mod_mediaplayer 0.0.1'
PACKAGE_TARNAME='mod_mediaplayer'
PACKAGE_URL=''
PACKAGE_VERSION='0.0.1'
PATH_SEPARATOR=':'
RANLIB='ranlib'
SED='/usr/bin/sed'
SET_MAKE=''
SHELL='/bin/sh'
STRIP='strip'
VERSION='0.0.1'
ac_ct_AR='ar'
ac_ct_CC='gcc'
ac_ct_CXX='g++'
ac_ct_DUMPBIN=''
am__EXEEXT_FALSE=''
am__EXEEXT_TRUE='#'
am__fastdepCC_FALSE='#'
am__fastdepCC_TRUE=''
am__fastdepCXX_FALSE='#'
am__fastdepCXX_TRUE=''
am__include='include'
am__isrc=''
am__leading_dot='.'
am__nodep='_no'
am__quote=''
am__tar='$${TAR-tar} chof - "$$tardir"'
am__untar='$${TAR-tar} xf -'
bindir='${exec_prefix}/bin'
build='x86_64-unknown-linux-gnu'
build_alias=''
build_cpu='x86_64'
build_os='linux-gnu'
build_vendor='unknown'
datadir='${datarootdir}'
datarootdir='${prefix}/share'
docdir='${datarootdir}/doc/${PACKAGE_TARNAME}'
dvidir='${docdir}'
exec_prefix='${prefix}'
host='x86_64-unknown-linux-gnu'
host_alias=''
host_cpu='x86_64'
host_os='linux-gnu'
host_vendor='unknown'
htmldir='${docdir}'
includedir='${prefix}/include'
infodir='${datarootdir}/info'
install_sh='${SHELL} /home/reyad/Workspace/MediaPlayer/config/install-sh'
libdir='${exec_prefix}/lib'
libexecdir='${exec_prefix}/libexec'
localedir='${datarootdir}/locale'
localstatedir='${prefix}/var'
mandir='${datarootdir}/man'
mkdir_p='/usr/bin/mkdir -p'
oldincludedir='/usr/include'
pdfdir='${docdir}'
prefix='/usr/local/apache2'
program_transform_name='s,x,x,'
psdir='${docdir}'
sbindir='${exec_prefix}/sbin'
sharedstatedir='${prefix}/com'
sysconfdir='${prefix}/etc'
target='x86_64-unknown-linux-gnu'
target_alias=''
target_cpu='x86_64'
target_os='linux-gnu'
target_vendor='unknown'

## ----------- ##
## confdefs.h. ##
## ----------- ##

/* confdefs.h */
#define PACKAGE_NAME "mod_mediaplayer"
#define PACKAGE_TARNAME "mod_mediaplayer"
#define PACKAGE_VERSION "0.0.1"
#define PACKAGE_STRING "mod_mediaplayer 0.0.1"
#define PACKAGE_BUGREPORT ""
#define PACKAGE_URL ""
#define STDC_HEADERS 1
#define HAVE_SYS_TYPES_H 1
#define HAVE_SYS_STAT_H 1
#define HAVE_STDLIB_H 1
#define HAVE_STRING_H 1
#define HAVE_MEMORY_H 1
#define HAVE_STRINGS_H 1
#define HAVE_INTTYPES_H 1
#define HAVE_STDINT_H 1
#define HAVE_UNISTD_H 1
#define HAVE_DLFCN_H 1
#define LT_OBJDIR ".libs/"
#define PACKAGE "mod_mediaplayer"
#define VERSION "0.0.1"
#define WITH_APACHE20 1

configure: exit 0
